# JRE version: Java(TM) SE Runtime Environment (8.0_121-b13) (build 1.8.0_121-b13)
# Java VM: Java HotSpot(TM) 64-Bit Server VM (25.121-b13 mixed mode windows-amd64 compressed oops)
Heap:
 PSYoungGen      total 116224K, used 25679K [0x000000076ad80000, 0x0000000776800000, 0x00000007c0000000)
  eden space 105472K, 20% used [0x000000076ad80000,0x000000076c2ad558,0x0000000771480000)
  from space 10752K, 37% used [0x0000000771480000,0x0000000771866878,0x0000000771f00000)
  to   space 7680K, 0% used [0x0000000776080000,0x0000000776080000,0x0000000776800000)
 ParOldGen       total 125952K, used 7452K [0x00000006c0800000, 0x00000006c8300000, 0x000000076ad80000)
  object space 125952K, 5% used [0x00000006c0800000,0x00000006c0f47308,0x00000006c8300000)
 Metaspace       used 24571K, capacity 25320K, committed 25472K, reserved 1071104K
  class space    used 3241K, capacity 3430K, committed 3456K, reserved 1048576K
GC Heap History (10 events):
Event: 0.814 GC heap before
{Heap before GC invocations=2 (full 1):
 PSYoungGen      total 76288K, used 7502K [0x000000076ad80000, 0x0000000770280000, 0x00000007c0000000)
  eden space 65536K, 0% used [0x000000076ad80000,0x000000076ad80000,0x000000076ed80000)
  from space 10752K, 69% used [0x000000076ed80000,0x000000076f4d3850,0x000000076f800000)
  to   space 10752K, 0% used [0x000000076f800000,0x000000076f800000,0x0000000770280000)
 ParOldGen       total 175104K, used 16K [0x00000006c0800000, 0x00000006cb300000, 0x000000076ad80000)
  object space 175104K, 0% used [0x00000006c0800000,0x00000006c0804000,0x00000006cb300000)
 Metaspace       used 20545K, capacity 21122K, committed 21248K, reserved 1067008K
  class space    used 2797K, capacity 2985K, committed 3072K, reserved 1048576K
Event: 0.833 GC heap after
Heap after GC invocations=2 (full 1):
 PSYoungGen      total 76288K, used 0K [0x000000076ad80000, 0x0000000770280000, 0x00000007c0000000)
  eden space 65536K, 0% used [0x000000076ad80000,0x000000076ad80000,0x000000076ed80000)
  from space 10752K, 0% used [0x000000076ed80000,0x000000076ed80000,0x000000076f800000)
  to   space 10752K, 0% used [0x000000076f800000,0x000000076f800000,0x0000000770280000)
 ParOldGen       total 125952K, used 7420K [0x00000006c0800000, 0x00000006c8300000, 0x000000076ad80000)
  object space 125952K, 5% used [0x00000006c0800000,0x00000006c0f3f308,0x00000006c8300000)
 Metaspace       used 20545K, capacity 21122K, committed 21248K, reserved 1067008K
  class space    used 2797K, capacity 2985K, committed 3072K, reserved 1048576K
}
Event: 1.432 GC heap before
{Heap before GC invocations=3 (full 1):
 PSYoungGen      total 76288K, used 65481K [0x000000076ad80000, 0x0000000770280000, 0x00000007c0000000)
  eden space 65536K, 99% used [0x000000076ad80000,0x000000076ed72628,0x000000076ed80000)
  from space 10752K, 0% used [0x000000076ed80000,0x000000076ed80000,0x000000076f800000)
  to   space 10752K, 0% used [0x000000076f800000,0x000000076f800000,0x0000000770280000)
 ParOldGen       total 125952K, used 7420K [0x00000006c0800000, 0x00000006c8300000, 0x000000076ad80000)
  object space 125952K, 5% used [0x00000006c0800000,0x00000006c0f3f308,0x00000006c8300000)
 Metaspace       used 23302K, capacity 24050K, committed 24320K, reserved 1071104K
  class space    used 3087K, capacity 3301K, committed 3328K, reserved 1048576K
Event: 1.437 GC heap after
Heap after GC invocations=3 (full 1):
 PSYoungGen      total 76288K, used 3548K [0x000000076ad80000, 0x0000000771080000, 0x00000007c0000000)
  eden space 65536K, 0% used [0x000000076ad80000,0x000000076ad80000,0x000000076ed80000)
  from space 10752K, 32% used [0x000000076f800000,0x000000076fb77020,0x0000000770280000)
  to   space 10752K, 0% used [0x000000076ed80000,0x000000076ed80000,0x000000076f800000)
 ParOldGen       total 125952K, used 7428K [0x00000006c0800000, 0x00000006c8300000, 0x000000076ad80000)
  object space 125952K, 5% used [0x00000006c0800000,0x00000006c0f41308,0x00000006c8300000)
 Metaspace       used 23302K, capacity 24050K, committed 24320K, reserved 1071104K
  class space    used 3087K, capacity 3301K, committed 3328K, reserved 1048576K
}
Event: 1.449 GC heap before
{Heap before GC invocations=4 (full 1):
 PSYoungGen      total 76288K, used 69043K [0x000000076ad80000, 0x0000000771080000, 0x00000007c0000000)
  eden space 65536K, 99% used [0x000000076ad80000,0x000000076ed75e10,0x000000076ed80000)
  from space 10752K, 32% used [0x000000076f800000,0x000000076fb77020,0x0000000770280000)
  to   space 10752K, 0% used [0x000000076ed80000,0x000000076ed80000,0x000000076f800000)
 ParOldGen       total 125952K, used 7428K [0x00000006c0800000, 0x00000006c8300000, 0x000000076ad80000)
  object space 125952K, 5% used [0x00000006c0800000,0x00000006c0f41308,0x00000006c8300000)
 Metaspace       used 23305K, capacity 24050K, committed 24320K, reserved 1071104K
  class space    used 3087K, capacity 3301K, committed 3328K, reserved 1048576K
Event: 1.451 GC heap after
Heap after GC invocations=4 (full 1):
 PSYoungGen      total 76288K, used 2289K [0x000000076ad80000, 0x0000000772980000, 0x00000007c0000000)
  eden space 65536K, 0% used [0x000000076ad80000,0x000000076ad80000,0x000000076ed80000)
  from space 10752K, 21% used [0x000000076ed80000,0x000000076efbc7b8,0x000000076f800000)
  to   space 10752K, 0% used [0x0000000771f00000,0x0000000771f00000,0x0000000772980000)
 ParOldGen       total 125952K, used 7436K [0x00000006c0800000, 0x00000006c8300000, 0x000000076ad80000)
  object space 125952K, 5% used [0x00000006c0800000,0x00000006c0f43308,0x00000006c8300000)
 Metaspace       used 23305K, capacity 24050K, committed 24320K, reserved 1071104K
  class space    used 3087K, capacity 3301K, committed 3328K, reserved 1048576K
}
Event: 1.461 GC heap before
{Heap before GC invocations=5 (full 1):
 PSYoungGen      total 76288K, used 67746K [0x000000076ad80000, 0x0000000772980000, 0x00000007c0000000)
  eden space 65536K, 99% used [0x000000076ad80000,0x000000076ed6c430,0x000000076ed80000)
  from space 10752K, 21% used [0x000000076ed80000,0x000000076efbc7b8,0x000000076f800000)
  to   space 10752K, 0% used [0x0000000771f00000,0x0000000771f00000,0x0000000772980000)
 ParOldGen       total 125952K, used 7436K [0x00000006c0800000, 0x00000006c8300000, 0x000000076ad80000)
  object space 125952K, 5% used [0x00000006c0800000,0x00000006c0f43308,0x00000006c8300000)
 Metaspace       used 23320K, capacity 24050K, committed 24320K, reserved 1071104K
  class space    used 3087K, capacity 3301K, committed 3328K, reserved 1048576K
Event: 1.463 GC heap after
Heap after GC invocations=5 (full 1):
 PSYoungGen      total 116224K, used 2306K [0x000000076ad80000, 0x0000000773000000, 0x00000007c0000000)
  eden space 105472K, 0% used [0x000000076ad80000,0x000000076ad80000,0x0000000771480000)
  from space 10752K, 21% used [0x0000000771f00000,0x0000000772140928,0x0000000772980000)
  to   space 10752K, 0% used [0x0000000771480000,0x0000000771480000,0x0000000771f00000)
 ParOldGen       total 125952K, used 7444K [0x00000006c0800000, 0x00000006c8300000, 0x000000076ad80000)
  object space 125952K, 5% used [0x00000006c0800000,0x00000006c0f45308,0x00000006c8300000)
 Metaspace       used 23320K, capacity 24050K, committed 24320K, reserved 1071104K
  class space    used 3087K, capacity 3301K, committed 3328K, reserved 1048576K
}
Event: 1.722 GC heap before
{Heap before GC invocations=6 (full 1):
 PSYoungGen      total 116224K, used 107778K [0x000000076ad80000, 0x0000000773000000, 0x00000007c0000000)
  eden space 105472K, 100% used [0x000000076ad80000,0x0000000771480000,0x0000000771480000)
  from space 10752K, 21% used [0x0000000771f00000,0x0000000772140928,0x0000000772980000)
  to   space 10752K, 0% used [0x0000000771480000,0x0000000771480000,0x0000000771f00000)
 ParOldGen       total 125952K, used 7444K [0x00000006c0800000, 0x00000006c8300000, 0x000000076ad80000)
  object space 125952K, 5% used [0x00000006c0800000,0x00000006c0f45308,0x00000006c8300000)
 Metaspace       used 23866K, capacity 24582K, committed 24960K, reserved 1071104K
  class space    used 3144K, capacity 3347K, committed 3456K, reserved 1048576K
Event: 1.725 GC heap after
Heap after GC invocations=6 (full 1):
 PSYoungGen      total 116224K, used 3994K [0x000000076ad80000, 0x0000000776800000, 0x00000007c0000000)
  eden space 105472K, 0% used [0x000000076ad80000,0x000000076ad80000,0x0000000771480000)
  from space 10752K, 37% used [0x0000000771480000,0x0000000771866878,0x0000000771f00000)
  to   space 7680K, 0% used [0x0000000776080000,0x0000000776080000,0x0000000776800000)
 ParOldGen       total 125952K, used 7452K [0x00000006c0800000, 0x00000006c8300000, 0x000000076ad80000)
  object space 125952K, 5% used [0x00000006c0800000,0x00000006c0f47308,0x00000006c8300000)
 Metaspace       used 23866K, capacity 24582K, committed 24960K, reserved 1071104K
  class space    used 3144K, capacity 3347K, committed 3456K, reserved 1048576K
}

